<?xml version="1.0" encoding="UTF-8"?>
<!-- Generated by org.testng.reporters.JUnitReportReporter -->
<testsuite hostname="HIPUNL131693" failures="0" tests="2" name="psvacademy.SeleniumTest" time="0.002" errors="0" timestamp="2020-07-17T10:44:57 IST" skipped="0">
  <testcase classname="psvacademy.SeleniumTest" name="BrowserAutomation" time="0.001"/>
  <system-out/>
  <testcase classname="psvacademy.SeleniumTest" name="elementsUI" time="0.001"/>
  <system-out/>
</testsuite> <!-- psvacademy.SeleniumTest -->
