<?xml version="1.0" encoding="UTF-8"?>
<!-- Generated by org.testng.reporters.JUnitReportReporter -->
<testsuite hostname="HIPUNL131693" failures="0" tests="2" name="psvacademy.RESTAPITest" time="0.000" errors="0" timestamp="2020-07-17T10:41:18 IST" skipped="0">
  <testcase classname="psvacademy.RESTAPITest" name="postJira" time="0.000"/>
  <system-out/>
  <testcase classname="psvacademy.RESTAPITest" name="deleteTwitter" time="0.000"/>
  <system-out/>
</testsuite> <!-- psvacademy.RESTAPITest -->
