<?xml version="1.0" encoding="UTF-8"?>
<!-- Generated by org.testng.reporters.JUnitReportReporter -->
<testsuite hostname="HIPUNL131693" failures="0" tests="2" name="psvacademy.AppiumTest" time="0.012" errors="0" timestamp="2020-07-17T10:44:57 IST" skipped="0">
  <testcase classname="psvacademy.AppiumTest" name="NativeAppAndroid" time="0.000"/>
  <system-out/>
  <testcase classname="psvacademy.AppiumTest" name="IOSApps" time="0.012"/>
  <system-out/>
</testsuite> <!-- psvacademy.AppiumTest -->
